<?xml version="1.0" encoding="UTF-8"?>
<testsuite name="Editor.ParagraphTest" tests="2" skipped="0" failures="0" errors="0" timestamp="2019-01-31T17:52:26" hostname="DESKTOP-DMH2RSF" time="0.0">
  <properties/>
  <testcase name="testToString" classname="Editor.ParagraphTest" time="0.0"/>
  <testcase name="testToHtmlString" classname="Editor.ParagraphTest" time="0.0"/>
  <system-out><![CDATA[]]></system-out>
  <system-err><![CDATA[]]></system-err>
</testsuite>
