<?xml version="1.0" encoding="UTF-8"?>
<testsuite name="Editor.InsertImageCommandTest" tests="4" skipped="0" failures="0" errors="0" timestamp="2019-01-31T17:52:26" hostname="DESKTOP-DMH2RSF" time="0.053">
  <properties/>
  <testcase name="testCancelInsertImage" classname="Editor.InsertImageCommandTest" time="0.015"/>
  <testcase name="testInsertImage" classname="Editor.InsertImageCommandTest" time="0.008"/>
  <testcase name="testInsertTwoImage" classname="Editor.InsertImageCommandTest" time="0.023"/>
  <testcase name="testInsertInvalidImage" classname="Editor.InsertImageCommandTest" time="0.002"/>
  <system-out><![CDATA[]]></system-out>
  <system-err><![CDATA[]]></system-err>
</testsuite>
