<?xml version="1.0" encoding="UTF-8"?>
<testsuite name="Editor.CommandHistoryTest" tests="4" skipped="0" failures="0" errors="0" timestamp="2019-01-31T17:52:26" hostname="DESKTOP-DMH2RSF" time="0.012">
  <properties/>
  <testcase name="testAddEmptyHistory" classname="Editor.CommandHistoryTest" time="0.003"/>
  <testcase name="testAddOneCommand" classname="Editor.CommandHistoryTest" time="0.002"/>
  <testcase name="testUndoWithTwoCommands" classname="Editor.CommandHistoryTest" time="0.0"/>
  <testcase name="testUndoWithOneCommand" classname="Editor.CommandHistoryTest" time="0.001"/>
  <system-out><![CDATA[]]></system-out>
  <system-err><![CDATA[]]></system-err>
</testsuite>
