<?xml version="1.0" encoding="UTF-8"?>
<testsuite name="Editor.ResizeImageCommandTest" tests="2" skipped="0" failures="0" errors="0" timestamp="2019-01-31T17:52:26" hostname="DESKTOP-DMH2RSF" time="0.035">
  <properties/>
  <testcase name="testResizeImage" classname="Editor.ResizeImageCommandTest" time="0.018"/>
  <testcase name="testTryResizeParagraph" classname="Editor.ResizeImageCommandTest" time="0.012"/>
  <system-out><![CDATA[]]></system-out>
  <system-err><![CDATA[]]></system-err>
</testsuite>
