<?xml version="1.0" encoding="UTF-8"?>
<testsuite name="Editor.EditorDocumentTest" tests="3" skipped="0" failures="0" errors="0" timestamp="2019-01-31T17:52:26" hostname="DESKTOP-DMH2RSF" time="0.026">
  <properties/>
  <testcase name="testGetItemsList" classname="Editor.EditorDocumentTest" time="0.007"/>
  <testcase name="testGetHtml" classname="Editor.EditorDocumentTest" time="0.012"/>
  <testcase name="testSetTitle" classname="Editor.EditorDocumentTest" time="0.002"/>
  <system-out><![CDATA[]]></system-out>
  <system-err><![CDATA[]]></system-err>
</testsuite>
