<?xml version="1.0" encoding="UTF-8"?>
<testsuite name="Editor.EditorTest" tests="2" skipped="0" failures="0" errors="0" timestamp="2019-01-31T17:52:26" hostname="DESKTOP-DMH2RSF" time="0.023">
  <properties/>
  <testcase name="testStart" classname="Editor.EditorTest" time="0.015"/>
  <testcase name="testHelp" classname="Editor.EditorTest" time="0.007"/>
  <system-out><![CDATA[]]></system-out>
  <system-err><![CDATA[]]></system-err>
</testsuite>
