<?xml version="1.0" encoding="UTF-8"?>
<testsuite name="MultiGumballMachineWithState.GumballMachineTest" tests="5" skipped="0" failures="0" errors="0" timestamp="2019-01-28T14:32:37" hostname="DESKTOP-DMH2RSF" time="0.009">
  <properties/>
  <testcase name="testTransitionFromSoldOutState" classname="MultiGumballMachineWithState.GumballMachineTest" time="0.005"/>
  <testcase name="testTransitionFromHasQuarterToSoldOutState" classname="MultiGumballMachineWithState.GumballMachineTest" time="0.0"/>
  <testcase name="testTransitionFromHasQuarterState" classname="MultiGumballMachineWithState.GumballMachineTest" time="0.0"/>
  <testcase name="testTransitionFromNoQuarterState" classname="MultiGumballMachineWithState.GumballMachineTest" time="0.0"/>
  <testcase name="testRefill" classname="MultiGumballMachineWithState.GumballMachineTest" time="0.001"/>
  <system-out><![CDATA[]]></system-out>
  <system-err><![CDATA[]]></system-err>
</testsuite>
