<?xml version="1.0" encoding="UTF-8"?>
<testsuite name="GumballMachineWithState.SoldStateTest" tests="1" skipped="0" failures="0" errors="0" timestamp="2019-01-28T14:32:37" hostname="DESKTOP-DMH2RSF" time="0.001">
  <properties/>
  <testcase name="testSoldState" classname="GumballMachineWithState.SoldStateTest" time="0.001"/>
  <system-out><![CDATA[]]></system-out>
  <system-err><![CDATA[]]></system-err>
</testsuite>
