<?xml version="1.0" encoding="UTF-8"?>
<testsuite name="GumballMachineWithState.HasQuarterStateTest" tests="1" skipped="0" failures="0" errors="0" timestamp="2019-01-28T14:32:37" hostname="DESKTOP-DMH2RSF" time="0.0">
  <properties/>
  <testcase name="testDispense" classname="GumballMachineWithState.HasQuarterStateTest" time="0.0"/>
  <system-out><![CDATA[]]></system-out>
  <system-err><![CDATA[]]></system-err>
</testsuite>
