<?xml version="1.0" encoding="UTF-8"?>
<testsuite name="MultiGumballMachine.GumballMachineTest" tests="4" skipped="0" failures="0" errors="0" timestamp="2019-01-28T14:32:37" hostname="DESKTOP-DMH2RSF" time="0.006">
  <properties/>
  <testcase name="testNoQuarterState" classname="MultiGumballMachine.GumballMachineTest" time="0.001"/>
  <testcase name="testHasQuarterState" classname="MultiGumballMachine.GumballMachineTest" time="0.002"/>
  <testcase name="testSoldOutState" classname="MultiGumballMachine.GumballMachineTest" time="0.001"/>
  <testcase name="testRefill" classname="MultiGumballMachine.GumballMachineTest" time="0.001"/>
  <system-out><![CDATA[]]></system-out>
  <system-err><![CDATA[]]></system-err>
</testsuite>
